# JRE version: OpenJDK Runtime Environment (17.0.9) (build 17.0.9+0--11185874)
# Java VM: OpenJDK 64-Bit Server VM (17.0.9+0--11185874, mixed mode, tiered, compressed oops, compressed class ptrs, g1 gc, windows-amd64)
GC Precious Log:
 CPUs: 16 total, 16 available
 Memory: 7893M
 Large Page Support: Disabled
 NUMA Support: Disabled
 Compressed Oops: Enabled (32-bit)
 Heap Region Size: 1M
 Heap Min Capacity: 8M
 Heap Initial Capacity: 124M
 Heap Max Capacity: 2G
 Pre-touch: Disabled
 Parallel Workers: 13
 Concurrent Workers: 3
 Concurrent Refinement Workers: 13
 Periodic GC: Disabled
Heap:
 garbage-first heap   total 435200K, used 143968K [0x0000000080000000, 0x0000000100000000)
  region size 1024K, 11 young (11264K), 11 survivors (11264K)
 Metaspace       used 142794K, committed 143808K, reserved 1179648K
  class space    used 19399K, committed 19904K, reserved 1048576K
GC Heap History (20 events):
Event: 2409.224 GC heap after
{Heap after GC invocations=80 (full 0):
 garbage-first heap   total 430080K, used 129793K [0x0000000080000000, 0x0000000100000000)
  region size 1024K, 3 young (3072K), 3 survivors (3072K)
 Metaspace       used 141145K, committed 142016K, reserved 1179648K
  class space    used 19340K, committed 19776K, reserved 1048576K
}
Event: 2409.462 GC heap before
{Heap before GC invocations=80 (full 0):
 garbage-first heap   total 430080K, used 153345K [0x0000000080000000, 0x0000000100000000)
  region size 1024K, 28 young (28672K), 3 survivors (3072K)
 Metaspace       used 141177K, committed 142080K, reserved 1179648K
  class space    used 19340K, committed 19776K, reserved 1048576K
}
Event: 2409.480 GC heap after
{Heap after GC invocations=81 (full 0):
 garbage-first heap   total 430080K, used 141057K [0x0000000080000000, 0x0000000100000000)
  region size 1024K, 14 young (14336K), 14 survivors (14336K)
 Metaspace       used 141177K, committed 142080K, reserved 1179648K
  class space    used 19340K, committed 19776K, reserved 1048576K
}
Event: 2413.155 GC heap before
{Heap before GC invocations=82 (full 0):
 garbage-first heap   total 430080K, used 281345K [0x0000000080000000, 0x0000000100000000)
  region size 1024K, 133 young (136192K), 14 survivors (14336K)
 Metaspace       used 141617K, committed 142464K, reserved 1179648K
  class space    used 19354K, committed 19776K, reserved 1048576K
}
Event: 2413.182 GC heap after
{Heap after GC invocations=83 (full 0):
 garbage-first heap   total 430080K, used 154163K [0x0000000080000000, 0x0000000100000000)
  region size 1024K, 17 young (17408K), 17 survivors (17408K)
 Metaspace       used 141617K, committed 142464K, reserved 1179648K
  class space    used 19354K, committed 19776K, reserved 1048576K
}
Event: 2413.238 GC heap before
{Heap before GC invocations=83 (full 0):
 garbage-first heap   total 430080K, used 158259K [0x0000000080000000, 0x0000000100000000)
  region size 1024K, 21 young (21504K), 17 survivors (17408K)
 Metaspace       used 141678K, committed 142528K, reserved 1179648K
  class space    used 19354K, committed 19776K, reserved 1048576K
}
Event: 2413.244 GC heap after
{Heap after GC invocations=84 (full 0):
 garbage-first heap   total 430080K, used 143464K [0x0000000080000000, 0x0000000100000000)
  region size 1024K, 3 young (3072K), 3 survivors (3072K)
 Metaspace       used 141678K, committed 142528K, reserved 1179648K
  class space    used 19354K, committed 19776K, reserved 1048576K
}
Event: 2413.380 GC heap before
{Heap before GC invocations=84 (full 0):
 garbage-first heap   total 430080K, used 150632K [0x0000000080000000, 0x0000000100000000)
  region size 1024K, 11 young (11264K), 3 survivors (3072K)
 Metaspace       used 141697K, committed 142592K, reserved 1179648K
  class space    used 19354K, committed 19776K, reserved 1048576K
}
Event: 2413.382 GC heap after
{Heap after GC invocations=85 (full 0):
 garbage-first heap   total 430080K, used 141725K [0x0000000080000000, 0x0000000100000000)
  region size 1024K, 1 young (1024K), 1 survivors (1024K)
 Metaspace       used 141697K, committed 142592K, reserved 1179648K
  class space    used 19354K, committed 19776K, reserved 1048576K
}
Event: 2507.693 GC heap before
{Heap before GC invocations=86 (full 0):
 garbage-first heap   total 430080K, used 304541K [0x0000000080000000, 0x0000000100000000)
  region size 1024K, 145 young (148480K), 1 survivors (1024K)
 Metaspace       used 142093K, committed 142976K, reserved 1179648K
  class space    used 19358K, committed 19776K, reserved 1048576K
}
Event: 2507.739 GC heap after
{Heap after GC invocations=87 (full 0):
 garbage-first heap   total 430080K, used 127677K [0x0000000080000000, 0x0000000100000000)
  region size 1024K, 2 young (2048K), 2 survivors (2048K)
 Metaspace       used 142093K, committed 142976K, reserved 1179648K
  class space    used 19358K, committed 19776K, reserved 1048576K
}
Event: 2508.120 GC heap before
{Heap before GC invocations=87 (full 0):
 garbage-first heap   total 430080K, used 146109K [0x0000000080000000, 0x0000000100000000)
  region size 1024K, 21 young (21504K), 2 survivors (2048K)
 Metaspace       used 142132K, committed 143040K, reserved 1179648K
  class space    used 19358K, committed 19776K, reserved 1048576K
}
Event: 2508.142 GC heap after
{Heap after GC invocations=88 (full 0):
 garbage-first heap   total 430080K, used 120534K [0x0000000080000000, 0x0000000100000000)
  region size 1024K, 3 young (3072K), 3 survivors (3072K)
 Metaspace       used 142132K, committed 143040K, reserved 1179648K
  class space    used 19358K, committed 19776K, reserved 1048576K
}
Event: 2508.834 GC heap before
{Heap before GC invocations=88 (full 0):
 garbage-first heap   total 430080K, used 154326K [0x0000000080000000, 0x0000000100000000)
  region size 1024K, 38 young (38912K), 3 survivors (3072K)
 Metaspace       used 142338K, committed 143232K, reserved 1179648K
  class space    used 19366K, committed 19840K, reserved 1048576K
}
Event: 2508.850 GC heap after
{Heap after GC invocations=89 (full 0):
 garbage-first heap   total 430080K, used 124621K [0x0000000080000000, 0x0000000100000000)
  region size 1024K, 7 young (7168K), 7 survivors (7168K)
 Metaspace       used 142338K, committed 143232K, reserved 1179648K
  class space    used 19366K, committed 19840K, reserved 1048576K
}
Event: 2633.676 GC heap before
{Heap before GC invocations=90 (full 0):
 garbage-first heap   total 430080K, used 356045K [0x0000000080000000, 0x0000000100000000)
  region size 1024K, 187 young (191488K), 7 survivors (7168K)
 Metaspace       used 142775K, committed 143808K, reserved 1179648K
  class space    used 19399K, committed 19904K, reserved 1048576K
}
Event: 2633.751 GC heap after
{Heap after GC invocations=91 (full 0):
 garbage-first heap   total 430080K, used 138642K [0x0000000080000000, 0x0000000100000000)
  region size 1024K, 21 young (21504K), 21 survivors (21504K)
 Metaspace       used 142775K, committed 143808K, reserved 1179648K
  class space    used 19399K, committed 19904K, reserved 1048576K
}
Event: 2633.778 GC heap before
{Heap before GC invocations=91 (full 0):
 garbage-first heap   total 430080K, used 139666K [0x0000000080000000, 0x0000000100000000)
  region size 1024K, 22 young (22528K), 21 survivors (21504K)
 Metaspace       used 142776K, committed 143808K, reserved 1179648K
  class space    used 19399K, committed 19904K, reserved 1048576K
}
Event: 2634.022 GC heap after
{Heap after GC invocations=92 (full 0):
 garbage-first heap   total 430080K, used 135935K [0x0000000080000000, 0x0000000100000000)
  region size 1024K, 3 young (3072K), 3 survivors (3072K)
 Metaspace       used 142776K, committed 143808K, reserved 1179648K
  class space    used 19399K, committed 19904K, reserved 1048576K
}
Event: 2634.280 GC heap before
{Heap before GC invocations=92 (full 0):
 garbage-first heap   total 430080K, used 157439K [0x0000000080000000, 0x0000000100000000)
  region size 1024K, 25 young (25600K), 3 survivors (3072K)
 Metaspace       used 142794K, committed 143808K, reserved 1179648K
  class space    used 19399K, committed 19904K, reserved 1048576K
}

